[2019-06-29 16:48:16.745] [sharedprocess] [info] main {"machineId":"7bdb092c654988552bd7e725d5de8bd5c0463748b11cc9a6561a772c47254958"}
[2019-06-29 16:48:16.978] [sharedprocess] [info] Scanned user extensions: 19
[2019-06-29 16:48:17.095] [sharedprocess] [info] Scanned user extensions: 19
[2019-06-29 16:48:17.127] [sharedprocess] [info] Scanned user extensions: 19
[2019-06-29 16:48:17.201] [sharedprocess] [info] Scanned system extensions: 72
[2019-06-29 16:48:17.206] [sharedprocess] [info] Scanned system extensions: 72
[2019-06-29 16:48:17.214] [sharedprocess] [info] Scanned system extensions: 72
[2019-06-29 16:48:17.243] [sharedprocess] [info] Deleted from disk liviuschera.noctis /home/federico/.vscode/extensions/liviuschera.noctis-8.9.0
[2019-06-29 16:48:17.353] [sharedprocess] [info] Scanned user extensions: 19
[2019-06-29 16:48:17.367] [sharedprocess] [info] Scanned system extensions: 72
[2019-06-29 16:48:17.503] [sharedprocess] [info] Scanned user extensions: 19
[2019-06-29 16:48:44.805] [sharedprocess] [info] Scanned user extensions: 19
[2019-06-29 16:48:44.815] [sharedprocess] [info] Scanned user extensions: 19
[2019-06-29 16:48:44.864] [sharedprocess] [info] Scanned system extensions: 72
[2019-06-29 16:48:44.876] [sharedprocess] [info] Scanned system extensions: 72
[2019-06-29 16:48:45.103] [sharedprocess] [info] Scanned user extensions: 19
[2019-06-29 16:48:45.151] [sharedprocess] [info] Scanned system extensions: 72
[2019-06-29 16:48:46.966] [sharedprocess] [info] Scanned user extensions: 19
[2019-06-29 16:48:56.685] [sharedprocess] [info] Starting to clean up unused language packs.
[2019-06-29 16:53:47.039] [sharedprocess] [info] Scanned user extensions: 19
[2019-06-29 16:58:47.144] [sharedprocess] [info] Scanned user extensions: 19
[2019-06-29 17:03:47.221] [sharedprocess] [info] Scanned user extensions: 19
[2019-06-29 17:08:47.290] [sharedprocess] [info] Scanned user extensions: 19
[2019-06-29 17:13:47.356] [sharedprocess] [info] Scanned user extensions: 19
[2019-06-29 17:18:47.404] [sharedprocess] [info] Scanned user extensions: 19
[2019-06-29 17:23:47.444] [sharedprocess] [info] Scanned user extensions: 19
[2019-06-29 17:28:47.472] [sharedprocess] [info] Scanned user extensions: 19
[2019-06-29 17:33:47.519] [sharedprocess] [info] Scanned user extensions: 19
[2019-06-29 17:38:47.609] [sharedprocess] [info] Scanned user extensions: 19
